f:\student_system\filesimulator\filesimulator\x64\debug\vc143.pdb
f:\student_system\filesimulator\filesimulator\x64\debug\vc143.idb
f:\student_system\filesimulator\filesimulator\x64\debug\vfs.obj
f:\student_system\filesimulator\filesimulator\x64\debug\main.obj
f:\student_system\filesimulator\filesimulator\x64\debug\filesystem.obj
f:\student_system\filesimulator\filesimulator\x64\debug\fileobj.obj
f:\student_system\filesimulator\filesimulator\x64\debug\file.obj
f:\student_system\filesimulator\filesimulator\x64\debug\directory.obj
f:\student_system\filesimulator\filesimulator\x64\debug\clientinterface.obj
f:\student_system\filesimulator\x64\debug\filesimulator.exe
f:\student_system\filesimulator\x64\debug\filesimulator.pdb
f:\student_system\filesimulator\filesimulator\x64\debug\filesimulator.ilk
f:\student_system\filesimulator\filesimulator\x64\debug\filesimulator.tlog\cl.command.1.tlog
f:\student_system\filesimulator\filesimulator\x64\debug\filesimulator.tlog\cl.items.tlog
f:\student_system\filesimulator\filesimulator\x64\debug\filesimulator.tlog\cl.read.1.tlog
f:\student_system\filesimulator\filesimulator\x64\debug\filesimulator.tlog\cl.write.1.tlog
f:\student_system\filesimulator\filesimulator\x64\debug\filesimulator.tlog\link.command.1.tlog
f:\student_system\filesimulator\filesimulator\x64\debug\filesimulator.tlog\link.read.1.tlog
f:\student_system\filesimulator\filesimulator\x64\debug\filesimulator.tlog\link.secondary.1.tlog
f:\student_system\filesimulator\filesimulator\x64\debug\filesimulator.tlog\link.write.1.tlog
